<?xml version="1.0" encoding="UTF-8"?>
<!-- Generated by org.testng.reporters.JUnitXMLReporter -->
<testsuite ignored="1" hostname="MT-31195758H" failures="0" tests="2" name="Test" time="17.777" errors="0" timestamp="2021-10-25T14:11:52 IST">
  <testcase classname="Assignments.Assignment1" name="chromeDriver" time="6.571"/>
  <testcase classname="Assignments.Assignment1" name="edgeDriver" time="17.729"/>
  <testcase classname="Assignments.Assignment1" name="fireFoxDriver" time="0.0">
    <ignored/>
  </testcase> <!-- fireFoxDriver -->
</testsuite> <!-- Test -->
