<?xml version="1.0" encoding="UTF-8"?>
<testng-results ignored="1" total="3" passed="2" failed="0" skipped="0">
  <reporter-output>
  </reporter-output>
  <suite started-at="2021-10-25T14:11:34 IST" name="Suite" finished-at="2021-10-25T14:11:52 IST" duration-ms="17777">
    <groups>
    </groups>
    <test started-at="2021-10-25T14:11:34 IST" name="Test" finished-at="2021-10-25T14:11:52 IST" duration-ms="17777">
      <class name="Assignments.Assignment1">
        <test-method signature="chromeDriver()[pri:0, instance:Assignments.Assignment1@8dac3f67]" started-at="2021-10-25T14:11:35 IST" name="chromeDriver" finished-at="2021-10-25T14:11:41 IST" duration-ms="6571" status="PASS">
          <reporter-output>
          </reporter-output>
        </test-method> <!-- chromeDriver -->
        <test-method signature="edgeDriver()[pri:0, instance:Assignments.Assignment1@8dac3f67]" started-at="2021-10-25T14:11:35 IST" name="edgeDriver" finished-at="2021-10-25T14:11:52 IST" duration-ms="17729" status="PASS">
          <reporter-output>
          </reporter-output>
        </test-method> <!-- edgeDriver -->
      </class> <!-- Assignments.Assignment1 -->
    </test> <!-- Test -->
  </suite> <!-- Suite -->
</testng-results>
